<?xml version="1.0" encoding="UTF-8"?>
<!-- Generated by org.testng.reporters.JUnitXMLReporter -->
<testsuite hostname="sunny-VirtualBox" ignored="0" name="Default test" tests="3" failures="0" timestamp="2021-09-25T02:00:58 IST" time="240.983" errors="0">
  <testcase name="addBookInLibrary" time="226.008" classname="suntest.LibraryAPIConcept"/>
  <testcase name="getBookFromLibrary" time="12.3" classname="suntest.LibraryAPIConcept"/>
  <testcase name="xdeleteBookFromLibrary" time="2.483" classname="suntest.LibraryAPIConcept"/>
</testsuite> <!-- Default test -->
